# JRE version: OpenJDK Runtime Environment Temurin-22.0.1+8 (22.0.1+8) (build 22.0.1+8)
# Java VM: OpenJDK 64-Bit Server VM Temurin-22.0.1+8 (22.0.1+8, mixed mode, emulated-client, tiered, compressed oops, compressed class ptrs, g1 gc, windows-amd64)
GC Precious Log:
 CardTable entry size: 512
 Card Set container configuration: InlinePtr #cards 4 size 8 Array Of Cards #cards 32 size 80 Howl #buckets 8 coarsen threshold 7372 Howl Bitmap #cards 1024 size 144 coarsen threshold 921 Card regions per heap region 1 cards per card region 8192
 CPUs: 16 total, 16 available
 Memory: 24417M
 Large Page Support: Disabled
 NUMA Support: Disabled
 Compressed Oops: Enabled (Zero based)
 Heap Region Size: 4M
 Heap Min Capacity: 8M
 Heap Initial Capacity: 384M
 Heap Max Capacity: 6108M
 Pre-touch: Disabled
 Parallel Workers: 13
 Concurrent Workers: 3
 Concurrent Refinement Workers: 13
 Periodic GC: Disabled
Heap:
 garbage-first heap   total reserved 6254592K, committed 110592K, used 61277K [0x0000000682400000, 0x0000000800000000)
  region size 4096K, 10 young (40960K), 2 survivors (8192K)
 Metaspace       used 76600K, committed 77376K, reserved 1179648K
  class space    used 10529K, committed 10880K, reserved 1048576K
GC Heap History (20 events):
Event: 3.732 GC heap before
{Heap before GC invocations=10 (full 0):
 garbage-first heap   total reserved 6254592K, committed 69632K, used 49984K [0x0000000682400000, 0x0000000800000000)
  region size 4096K, 10 young (40960K), 2 survivors (8192K)
 Metaspace       used 37946K, committed 38400K, reserved 1114112K
  class space    used 4582K, committed 4800K, reserved 1048576K
}
Event: 3.739 GC heap after
{Heap after GC invocations=11 (full 0):
 garbage-first heap   total reserved 6254592K, committed 69632K, used 18655K [0x0000000682400000, 0x0000000800000000)
  region size 4096K, 1 young (4096K), 1 survivors (4096K)
 Metaspace       used 37946K, committed 38400K, reserved 1114112K
  class space    used 4582K, committed 4800K, reserved 1048576K
}
Event: 4.288 GC heap before
{Heap before GC invocations=11 (full 0):
 garbage-first heap   total reserved 6254592K, committed 69632K, used 55519K [0x0000000682400000, 0x0000000800000000)
  region size 4096K, 10 young (40960K), 1 survivors (4096K)
 Metaspace       used 41111K, committed 41664K, reserved 1114112K
  class space    used 5087K, committed 5312K, reserved 1048576K
}
Event: 4.294 GC heap after
{Heap after GC invocations=12 (full 0):
 garbage-first heap   total reserved 6254592K, committed 69632K, used 20608K [0x0000000682400000, 0x0000000800000000)
  region size 4096K, 1 young (4096K), 1 survivors (4096K)
 Metaspace       used 41111K, committed 41664K, reserved 1114112K
  class space    used 5087K, committed 5312K, reserved 1048576K
}
Event: 4.706 GC heap before
{Heap before GC invocations=12 (full 0):
 garbage-first heap   total reserved 6254592K, committed 69632K, used 57472K [0x0000000682400000, 0x0000000800000000)
  region size 4096K, 10 young (40960K), 1 survivors (4096K)
 Metaspace       used 43576K, committed 44224K, reserved 1114112K
  class space    used 5411K, committed 5696K, reserved 1048576K
}
Event: 4.711 GC heap after
{Heap after GC invocations=13 (full 0):
 garbage-first heap   total reserved 6254592K, committed 233472K, used 21928K [0x0000000682400000, 0x0000000800000000)
  region size 4096K, 2 young (8192K), 2 survivors (8192K)
 Metaspace       used 43576K, committed 44224K, reserved 1114112K
  class space    used 5411K, committed 5696K, reserved 1048576K
}
Event: 6.234 GC heap before
{Heap before GC invocations=13 (full 0):
 garbage-first heap   total reserved 6254592K, committed 233472K, used 148904K [0x0000000682400000, 0x0000000800000000)
  region size 4096K, 34 young (139264K), 2 survivors (8192K)
 Metaspace       used 56170K, committed 56768K, reserved 1114112K
  class space    used 7194K, committed 7488K, reserved 1048576K
}
Event: 6.243 GC heap after
{Heap after GC invocations=14 (full 0):
 garbage-first heap   total reserved 6254592K, committed 233472K, used 24869K [0x0000000682400000, 0x0000000800000000)
  region size 4096K, 2 young (8192K), 2 survivors (8192K)
 Metaspace       used 56170K, committed 56768K, reserved 1114112K
  class space    used 7194K, committed 7488K, reserved 1048576K
}
Event: 6.570 GC heap before
{Heap before GC invocations=14 (full 0):
 garbage-first heap   total reserved 6254592K, committed 233472K, used 57637K [0x0000000682400000, 0x0000000800000000)
  region size 4096K, 11 young (45056K), 2 survivors (8192K)
 Metaspace       used 59506K, committed 60096K, reserved 1114112K
  class space    used 7585K, committed 7872K, reserved 1048576K
}
Event: 6.578 GC heap after
{Heap after GC invocations=15 (full 0):
 garbage-first heap   total reserved 6254592K, committed 233472K, used 26343K [0x0000000682400000, 0x0000000800000000)
  region size 4096K, 3 young (12288K), 3 survivors (12288K)
 Metaspace       used 59506K, committed 60096K, reserved 1114112K
  class space    used 7585K, committed 7872K, reserved 1048576K
}
Event: 7.217 GC heap before
{Heap before GC invocations=16 (full 0):
 garbage-first heap   total reserved 6254592K, committed 110592K, used 79591K [0x0000000682400000, 0x0000000800000000)
  region size 4096K, 16 young (65536K), 3 survivors (12288K)
 Metaspace       used 64140K, committed 64768K, reserved 1114112K
  class space    used 8498K, committed 8768K, reserved 1048576K
}
Event: 7.226 GC heap after
{Heap after GC invocations=17 (full 0):
 garbage-first heap   total reserved 6254592K, committed 110592K, used 26831K [0x0000000682400000, 0x0000000800000000)
  region size 4096K, 2 young (8192K), 2 survivors (8192K)
 Metaspace       used 64140K, committed 64768K, reserved 1114112K
  class space    used 8498K, committed 8768K, reserved 1048576K
}
Event: 8.105 GC heap before
{Heap before GC invocations=17 (full 0):
 garbage-first heap   total reserved 6254592K, committed 110592K, used 84175K [0x0000000682400000, 0x0000000800000000)
  region size 4096K, 16 young (65536K), 2 survivors (8192K)
 Metaspace       used 69020K, committed 69696K, reserved 1114112K
  class space    used 9184K, committed 9472K, reserved 1048576K
}
Event: 8.112 GC heap after
{Heap after GC invocations=18 (full 0):
 garbage-first heap   total reserved 6254592K, committed 110592K, used 28318K [0x0000000682400000, 0x0000000800000000)
  region size 4096K, 1 young (4096K), 1 survivors (4096K)
 Metaspace       used 69020K, committed 69696K, reserved 1114112K
  class space    used 9184K, committed 9472K, reserved 1048576K
}
Event: 8.185 GC heap before
{Heap before GC invocations=18 (full 0):
 garbage-first heap   total reserved 6254592K, committed 110592K, used 32414K [0x0000000682400000, 0x0000000800000000)
  region size 4096K, 3 young (12288K), 1 survivors (4096K)
 Metaspace       used 69628K, committed 70336K, reserved 1114112K
  class space    used 9295K, committed 9600K, reserved 1048576K
}
Event: 8.190 GC heap after
{Heap after GC invocations=19 (full 0):
 garbage-first heap   total reserved 6254592K, committed 110592K, used 28609K [0x0000000682400000, 0x0000000800000000)
  region size 4096K, 1 young (4096K), 1 survivors (4096K)
 Metaspace       used 69628K, committed 70336K, reserved 1114112K
  class space    used 9295K, committed 9600K, reserved 1048576K
}
Event: 8.849 GC heap before
{Heap before GC invocations=20 (full 0):
 garbage-first heap   total reserved 6254592K, committed 110592K, used 90049K [0x0000000682400000, 0x0000000800000000)
  region size 4096K, 16 young (65536K), 1 survivors (4096K)
 Metaspace       used 73287K, committed 73984K, reserved 1114112K
  class space    used 9964K, committed 10240K, reserved 1048576K
}
Event: 8.854 GC heap after
{Heap after GC invocations=21 (full 0):
 garbage-first heap   total reserved 6254592K, committed 110592K, used 31375K [0x0000000682400000, 0x0000000800000000)
  region size 4096K, 2 young (8192K), 2 survivors (8192K)
 Metaspace       used 73287K, committed 73984K, reserved 1114112K
  class space    used 9964K, committed 10240K, reserved 1048576K
}
Event: 9.217 GC heap before
{Heap before GC invocations=21 (full 0):
 garbage-first heap   total reserved 6254592K, committed 110592K, used 88719K [0x0000000682400000, 0x0000000800000000)
  region size 4096K, 16 young (65536K), 2 survivors (8192K)
 Metaspace       used 75518K, committed 76224K, reserved 1179648K
  class space    used 10381K, committed 10688K, reserved 1048576K
}
Event: 9.224 GC heap after
{Heap after GC invocations=22 (full 0):
 garbage-first heap   total reserved 6254592K, committed 110592K, used 32605K [0x0000000682400000, 0x0000000800000000)
  region size 4096K, 2 young (8192K), 2 survivors (8192K)
 Metaspace       used 75518K, committed 76224K, reserved 1179648K
  class space    used 10381K, committed 10688K, reserved 1048576K
}

